<?xml version="1.0" encoding="UTF-8"?>
<testsuite name="JUnit Jupiter" tests="1" skipped="0" failures="0" errors="0" time="0.332" hostname="SurfaceBook3" timestamp="2021-04-29T01:11:42">
<properties>
[...]
</properties>
<testcase name="testPotion()" classname="RPGTest" time="0.152">
<system-out><![CDATA[
unique-id: [engine:junit-jupiter]/[class:RPGTest]/[method:testPotion()]
display-name: testPotion()
]]></system-out>
</testcase>
<system-out><![CDATA[
unique-id: [engine:junit-jupiter]
display-name: JUnit Jupiter
]]></system-out>
</testsuite>
