<?xml version="1.0" encoding="UTF-8"?>
<testsuite name="JUnit Jupiter" tests="8" skipped="0" failures="0" errors="0" time="0.042" hostname="joao-quinta-Lenovo" timestamp="2021-04-15T11:13:59">
<properties>
[...]
</properties>
<testcase name="warPassLvlTest()" classname="RPGTest" time="0.009">
<system-out><![CDATA[
unique-id: [engine:junit-jupiter]/[class:RPGTest]/[method:warPassLvlTest()]
display-name: (unit test) warPassLvlTest:
]]></system-out>
</testcase>
<testcase name="lvlUpStatTestBoth()" classname="RPGTest" time="0.003">
<system-out><![CDATA[
unique-id: [engine:junit-jupiter]/[class:RPGTest]/[method:lvlUpStatTestBoth()]
display-name: (scenario) lvlUpStatTestBoth:
]]></system-out>
</testcase>
<testcase name="magePassLvlTest()" classname="RPGTest" time="0">
<system-out><![CDATA[
unique-id: [engine:junit-jupiter]/[class:RPGTest]/[method:magePassLvlTest()]
display-name: (unit test) magePassLvlTest:
]]></system-out>
</testcase>
<testcase name="lvlUpStatTestWarOnly()" classname="RPGTest" time="0.001">
<system-out><![CDATA[
unique-id: [engine:junit-jupiter]/[class:RPGTest]/[method:lvlUpStatTestWarOnly()]
display-name: (scenario) lvlUpStatTestWarOnly:
]]></system-out>
</testcase>
<testcase name="notPassLvlTest()" classname="RPGTest" time="0">
<system-out><![CDATA[
unique-id: [engine:junit-jupiter]/[class:RPGTest]/[method:notPassLvlTest()]
display-name: (unit test) notPassLvlTest:
]]></system-out>
</testcase>
<testcase name="magicalProtectionTest()" classname="RPGTest" time="0.001">
<system-out><![CDATA[
unique-id: [engine:junit-jupiter]/[class:RPGTest]/[method:magicalProtectionTest()]
display-name: (unit test) MageRobes magical prot only:
]]></system-out>
</testcase>
<testcase name="lvlUpStatTestMageOnly()" classname="RPGTest" time="0.001">
<system-out><![CDATA[
unique-id: [engine:junit-jupiter]/[class:RPGTest]/[method:lvlUpStatTestMageOnly()]
display-name: (scenario) lvlUpStatTestMageOnly:
]]></system-out>
</testcase>
<testcase name="lvlUpXPTest()" classname="RPGTest" time="0.001">
<system-out><![CDATA[
unique-id: [engine:junit-jupiter]/[class:RPGTest]/[method:lvlUpXPTest()]
display-name: (scenario) lvlUp xp test:
]]></system-out>
</testcase>
<system-out><![CDATA[
unique-id: [engine:junit-jupiter]
display-name: JUnit Jupiter
]]></system-out>
</testsuite>
